#
# There is insufficient memory for the Java Runtime Environment to continue.
# Native memory allocation (mmap) failed to map 65536 bytes for Failed to commit metaspace.
# Possible reasons:
#   The system is out of physical RAM or swap space
#   The process is running with CompressedOops enabled, and the Java Heap may be blocking the growth of the native heap
# Possible solutions:
#   Reduce memory load on the system
#   Increase physical memory or swap space
#   Check if swap backing store is full
#   Decrease Java heap size (-Xmx/-Xms)
#   Decrease number of Java threads
#   Decrease Java thread stack sizes (-Xss)
#   Set larger code cache with -XX:ReservedCodeCacheSize=
#   JVM is running with Unscaled Compressed Oops mode in which the Java heap is
#     placed in the first 4GB address space. The Java Heap base address is the
#     maximum limit for the native heap growth. Please use -XX:HeapBaseMinAddress
#     to set the Java Heap base and to place the Java Heap above 4GB virtual address.
# This output file may be truncated or incomplete.
#
#  Out of Memory Error (virtualSpaceNode.cpp:110), pid=9988, tid=8036
#
# JRE version: Java(TM) SE Runtime Environment (17.0.3.1+2) (build 17.0.3.1+2-LTS-6)
# Java VM: Java HotSpot(TM) 64-Bit Server VM (17.0.3.1+2-LTS-6, mixed mode, emulated-client, sharing, tiered, compressed oops, compressed class ptrs, g1 gc, windows-amd64)
# No core dump will be written. Minidumps are not enabled by default on client versions of Windows
#

---------------  S U M M A R Y ------------

Command Line: -XX:TieredStopAtLevel=1 -Xverify:none -Dspring.output.ansi.enabled=always -Dcom.sun.management.jmxremote -Dspring.jmx.enabled=true -Dspring.liveBeansView.mbeanDomain -Dspring.application.admin.enabled=true -javaagent:C:\Program Files\JetBrains\IntelliJ IDEA 2022.1.1\lib\idea_rt.jar=56661:C:\Program Files\JetBrains\IntelliJ IDEA 2022.1.1\bin -Dfile.encoding=UTF-8 com.api.carapi.CarapiApplication

Host: Intel(R) Core(TM) i5-6500 CPU @ 3.20GHz, 4 cores, 7G,  Windows 10 , 64 bit Build 19041 (10.0.19041.1889)
Time: Tue Oct 11 20:55:06 2022 Hora oficial do Brasil elapsed time: 1.261519 seconds (0d 0h 0m 1s)

---------------  T H R E A D  ---------------

Current thread (0x0000025a61581710):  JavaThread "main" [_thread_in_vm, id=8036, stack(0x000000990f000000,0x000000990f100000)]

Stack: [0x000000990f000000,0x000000990f100000]
Native frames: (J=compiled Java code, j=interpreted, Vv=VM code, C=native code)
V  [jvm.dll+0x6711ba]
V  [jvm.dll+0x7d0834]
V  [jvm.dll+0x7d1fde]
V  [jvm.dll+0x7d2643]
V  [jvm.dll+0x242c85]
V  [jvm.dll+0x7cc7db]
V  [jvm.dll+0x616f96]
V  [jvm.dll+0x1be52e]
V  [jvm.dll+0x6198d1]
V  [jvm.dll+0x617936]
V  [jvm.dll+0x23724f]
V  [jvm.dll+0x621655]
V  [jvm.dll+0x1e7f5b]
V  [jvm.dll+0x1e8495]
V  [jvm.dll+0x1e8ecf]
V  [jvm.dll+0x1de381]
V  [jvm.dll+0x537ee0]
V  [jvm.dll+0x74b478]
V  [jvm.dll+0x74b564]
V  [jvm.dll+0x408fa5]
V  [jvm.dll+0x40eff8]
C  [java.dll+0x17ec]

Java frames: (J=compiled Java code, j=interpreted, Vv=VM code)
J 1212  java.lang.ClassLoader.defineClass1(Ljava/lang/ClassLoader;Ljava/lang/String;[BIILjava/security/ProtectionDomain;Ljava/lang/String;)Ljava/lang/Class; java.base@17.0.3.1 (0 bytes) @ 0x0000025a6a9c1763 [0x0000025a6a9c16a0+0x00000000000000c3]
J 1244 c1 java.lang.ClassLoader.defineClass(Ljava/lang/String;[BIILjava/security/ProtectionDomain;)Ljava/lang/Class; java.base@17.0.3.1 (43 bytes) @ 0x0000025a6a9d0c5c [0x0000025a6a9d0b60+0x00000000000000fc]
J 1233 c1 jdk.internal.loader.BuiltinClassLoader.defineClass(Ljava/lang/String;Ljdk/internal/loader/Resource;)Ljava/lang/Class; java.base@17.0.3.1 (121 bytes) @ 0x0000025a6a9cda64 [0x0000025a6a9cd5a0+0x00000000000004c4]
J 1215 c1 jdk.internal.loader.BuiltinClassLoader.findClassOnClassPathOrNull(Ljava/lang/String;)Ljava/lang/Class; java.base@17.0.3.1 (64 bytes) @ 0x0000025a6a9c25b4 [0x0000025a6a9c2300+0x00000000000002b4]
J 1070 c1 jdk.internal.loader.BuiltinClassLoader.loadClassOrNull(Ljava/lang/String;Z)Ljava/lang/Class; java.base@17.0.3.1 (143 bytes) @ 0x0000025a6a981fdc [0x0000025a6a981b80+0x000000000000045c]
J 1159 c1 jdk.internal.loader.ClassLoaders$AppClassLoader.loadClass(Ljava/lang/String;Z)Ljava/lang/Class; java.base@17.0.3.1 (40 bytes) @ 0x0000025a6a9a84a4 [0x0000025a6a9a8360+0x0000000000000144]
J 1153 c1 java.lang.ClassLoader.loadClass(Ljava/lang/String;)Ljava/lang/Class; java.base@17.0.3.1 (7 bytes) @ 0x0000025a6a9a60e4 [0x0000025a6a9a60a0+0x0000000000000044]
v  ~StubRoutines::call_stub
J 1212  java.lang.ClassLoader.defineClass1(Ljava/lang/ClassLoader;Ljava/lang/String;[BIILjava/security/ProtectionDomain;Ljava/lang/String;)Ljava/lang/Class; java.base@17.0.3.1 (0 bytes) @ 0x0000025a6a9c1763 [0x0000025a6a9c16a0+0x00000000000000c3]
J 1244 c1 java.lang.ClassLoader.defineClass(Ljava/lang/String;[BIILjava/security/ProtectionDomain;)Ljava/lang/Class; java.base@17.0.3.1 (43 bytes) @ 0x0000025a6a9d0c5c [0x0000025a6a9d0b60+0x00000000000000fc]
J 1233 c1 jdk.internal.loader.BuiltinClassLoader.defineClass(Ljava/lang/String;Ljdk/internal/loader/Resource;)Ljava/lang/Class; java.base@17.0.3.1 (121 bytes) @ 0x0000025a6a9cda64 [0x0000025a6a9cd5a0+0x00000000000004c4]
J 1215 c1 jdk.internal.loader.BuiltinClassLoader.findClassOnClassPathOrNull(Ljava/lang/String;)Ljava/lang/Class; java.base@17.0.3.1 (64 bytes) @ 0x0000025a6a9c25b4 [0x0000025a6a9c2300+0x00000000000002b4]
J 1070 c1 jdk.internal.loader.BuiltinClassLoader.loadClassOrNull(Ljava/lang/String;Z)Ljava/lang/Class; java.base@17.0.3.1 (143 bytes) @ 0x0000025a6a981fdc [0x0000025a6a981b80+0x000000000000045c]
J 1159 c1 jdk.internal.loader.ClassLoaders$AppClassLoader.loadClass(Ljava/lang/String;Z)Ljava/lang/Class; java.base@17.0.3.1 (40 bytes) @ 0x0000025a6a9a84a4 [0x0000025a6a9a8360+0x0000000000000144]
J 1153 c1 java.lang.ClassLoader.loadClass(Ljava/lang/String;)Ljava/lang/Class; java.base@17.0.3.1 (7 bytes) @ 0x0000025a6a9a60e4 [0x0000025a6a9a60a0+0x0000000000000044]
v  ~StubRoutines::call_stub
j  org.springframework.core.type.AnnotationMetadata.introspect(Ljava/lang/Class;)Lorg/springframework/core/type/AnnotationMetadata;+1
j  org.springframework.beans.factory.annotation.AnnotatedGenericBeanDefinition.<init>(Ljava/lang/Class;)V+11
j  org.springframework.context.annotation.AnnotatedBeanDefinitionReader.doRegisterBean(Ljava/lang/Class;Ljava/lang/String;[Ljava/lang/Class;Ljava/util/function/Supplier;[Lorg/springframework/beans/factory/config/BeanDefinitionCustomizer;)V+5
j  org.springframework.context.annotation.AnnotatedBeanDefinitionReader.registerBean(Ljava/lang/Class;)V+6
j  org.springframework.context.annotation.AnnotatedBeanDefinitionReader.register([Ljava/lang/Class;)V+23
j  org.springframework.boot.BeanDefinitionLoader.load(Ljava/lang/Class;)V+63
j  org.springframework.boot.BeanDefinitionLoader.load(Ljava/lang/Object;)V+18
j  org.springframework.boot.BeanDefinitionLoader.load()V+23
j  org.springframework.boot.SpringApplication.load(Lorg/springframework/context/ApplicationContext;[Ljava/lang/Object;)V+98
j  org.springframework.boot.SpringApplication.prepareContext(Lorg/springframework/boot/DefaultBootstrapContext;Lorg/springframework/context/ConfigurableApplicationContext;Lorg/springframework/core/env/ConfigurableEnvironment;Lorg/springframework/boot/SpringApplicationRunListeners;Lorg/springframework/boot/ApplicationArguments;Lorg/springframework/boot/Banner;)V+159
j  org.springframework.boot.SpringApplication.run([Ljava/lang/String;)Lorg/springframework/context/ConfigurableApplicationContext;+105
j  org.springframework.boot.SpringApplication.run([Ljava/lang/Class;[Ljava/lang/String;)Lorg/springframework/context/ConfigurableApplicationContext;+9
j  org.springframework.boot.SpringApplication.run(Ljava/lang/Class;[Ljava/lang/String;)Lorg/springframework/context/ConfigurableApplicationContext;+9
j  com.api.carapi.CarapiApplication.main([Ljava/lang/String;)V+3
v  ~StubRoutines::call_stub

---------------  P R O C E S S  ---------------

Threads class SMR info:
_java_thread_list=0x0000025a76274f50, length=16, elements={
0x0000025a61581710, 0x0000025a74c17b60, 0x0000025a74c189d0, 0x0000025a74c2b1c0,
0x0000025a74c2df40, 0x0000025a74c2f900, 0x0000025a74c302b0, 0x0000025a74c30c60,
0x0000025a74c423b0, 0x0000025a74cae2d0, 0x0000025a74bff7a0, 0x0000025a75874e50,
0x0000025a75bf4b30, 0x0000025a75bf5000, 0x0000025a75e49800, 0x0000025a76278540
}

Java Threads: ( => current thread )
=>0x0000025a61581710 JavaThread "main" [_thread_in_vm, id=8036, stack(0x000000990f000000,0x000000990f100000)]
  0x0000025a74c17b60 JavaThread "Reference Handler" daemon [_thread_blocked, id=6352, stack(0x000000990f700000,0x000000990f800000)]
  0x0000025a74c189d0 JavaThread "Finalizer" daemon [_thread_blocked, id=2956, stack(0x000000990f800000,0x000000990f900000)]
  0x0000025a74c2b1c0 JavaThread "Signal Dispatcher" daemon [_thread_blocked, id=7080, stack(0x000000990f900000,0x000000990fa00000)]
  0x0000025a74c2df40 JavaThread "Attach Listener" daemon [_thread_in_vm, id=8992, stack(0x000000990fa00000,0x000000990fb00000)]
  0x0000025a74c2f900 JavaThread "Service Thread" daemon [_thread_blocked, id=3644, stack(0x000000990fb00000,0x000000990fc00000)]
  0x0000025a74c302b0 JavaThread "Monitor Deflation Thread" daemon [_thread_blocked, id=10764, stack(0x000000990fc00000,0x000000990fd00000)]
  0x0000025a74c30c60 JavaThread "C1 CompilerThread0" daemon [_thread_blocked, id=6084, stack(0x000000990fd00000,0x000000990fe00000)]
  0x0000025a74c423b0 JavaThread "Sweeper thread" daemon [_thread_blocked, id=9872, stack(0x000000990fe00000,0x000000990ff00000)]
  0x0000025a74cae2d0 JavaThread "Common-Cleaner" daemon [_thread_blocked, id=6708, stack(0x000000990ff00000,0x0000009910000000)]
  0x0000025a74bff7a0 JavaThread "C1 CompilerThread1" daemon [_thread_blocked, id=9812, stack(0x0000009910000000,0x0000009910100000)]
  0x0000025a75874e50 JavaThread "C1 CompilerThread2" daemon [_thread_blocked, id=5548, stack(0x0000009910100000,0x0000009910200000)]
  0x0000025a75bf4b30 JavaThread "Monitor Ctrl-Break" daemon [_thread_in_native, id=10444, stack(0x0000009910200000,0x0000009910300000)]
  0x0000025a75bf5000 JavaThread "Notification Thread" daemon [_thread_blocked, id=1816, stack(0x0000009910300000,0x0000009910400000)]
  0x0000025a75e49800 JavaThread "RMI TCP Accept-0" daemon [_thread_in_native, id=6052, stack(0x0000009910400000,0x0000009910500000)]
  0x0000025a76278540 JavaThread "background-preinit" [_thread_in_vm, id=9028, stack(0x0000009910a00000,0x0000009910b00000)]

Other Threads:
  0x0000025a74c10f50 VMThread "VM Thread" [stack: 0x000000990f600000,0x000000990f700000] [id=4476]
  0x0000025a74c1d750 WatcherThread [stack: 0x0000009910500000,0x0000009910600000] [id=4800]
  0x0000025a615db120 GCTaskThread "GC Thread#0" [stack: 0x000000990f100000,0x000000990f200000] [id=10836]
  0x0000025a75e854e0 GCTaskThread "GC Thread#1" [stack: 0x0000009910600000,0x0000009910700000] [id=11076]
  0x0000025a75e85790 GCTaskThread "GC Thread#2" [stack: 0x0000009910700000,0x0000009910800000] [id=6412]
  0x0000025a75f630d0 GCTaskThread "GC Thread#3" [stack: 0x0000009910800000,0x0000009910900000] [id=9016]
  0x0000025a615eceb0 ConcurrentGCThread "G1 Main Marker" [stack: 0x000000990f200000,0x000000990f300000] [id=11228]
  0x0000025a615ee060 ConcurrentGCThread "G1 Conc#0" [stack: 0x000000990f300000,0x000000990f400000] [id=5840]
  0x0000025a61644160 ConcurrentGCThread "G1 Refine#0" [stack: 0x000000990f400000,0x000000990f500000] [id=9180]
  0x0000025a75f62d10 ConcurrentGCThread "G1 Refine#1" [stack: 0x0000009910900000,0x0000009910a00000] [id=5468]
  0x0000025a61644b80 ConcurrentGCThread "G1 Service" [stack: 0x000000990f500000,0x000000990f600000] [id=10436]

Threads with active compile tasks:

VM state: not at safepoint (normal execution)

VM Mutex/Monitor currently owned by a thread:  ([mutex/lock_event])
[0x0000025a6143cde0] Metaspace_lock - owner thread: 0x0000025a61581710

Heap address: 0x0000000080e00000, size: 2034 MB, Compressed Oops mode: 32-bit

CDS archive(s) mapped at: [0x0000000800000000-0x0000000800bc0000-0x0000000800bc0000), size 12320768, SharedBaseAddress: 0x0000000800000000, ArchiveRelocationMode: 0.
Compressed class space mapped at: 0x0000000800c00000-0x0000000840c00000, reserved size: 1073741824
Narrow klass base: 0x0000000800000000, Narrow klass shift: 0, Narrow klass range: 0x100000000

GC Precious Log:
 CPUs: 4 total, 4 available
 Memory: 8135M
 Large Page Support: Disabled
 NUMA Support: Disabled
 Compressed Oops: Enabled (32-bit)
 Heap Region Size: 1M
 Heap Min Capacity: 8M
 Heap Initial Capacity: 128M
 Heap Max Capacity: 2034M
 Pre-touch: Disabled
 Parallel Workers: 4
 Concurrent Workers: 1
 Concurrent Refinement Workers: 4
 Periodic GC: Disabled

Heap:
 garbage-first heap   total 131072K, used 25150K [0x0000000080e00000, 0x0000000100000000)
  region size 1024K, 20 young (20480K), 2 survivors (2048K)
 Metaspace       used 11319K, committed 11456K, reserved 1064960K
  class space    used 1520K, committed 1600K, reserved 1048576K

Heap Regions: E=young(eden), S=young(survivor), O=old, HS=humongous(starts), HC=humongous(continues), CS=collection set, F=free, OA=open archive, CA=closed archive, TAMS=top-at-mark-start (previous, next)
|   0|0x0000000080e00000, 0x0000000080f00000, 0x0000000080f00000|100%|HS|  |TAMS 0x0000000080e00000, 0x0000000080e00000| Complete 
|   1|0x0000000080f00000, 0x0000000081000000, 0x0000000081000000|100%| O|  |TAMS 0x0000000080f00000, 0x0000000080f00000| Untracked 
|   2|0x0000000081000000, 0x0000000081100000, 0x0000000081100000|100%| O|  |TAMS 0x0000000081000000, 0x0000000081000000| Untracked 
|   3|0x0000000081100000, 0x0000000081200000, 0x0000000081200000|100%| O|  |TAMS 0x0000000081100000, 0x0000000081100000| Untracked 
|   4|0x0000000081200000, 0x0000000081300000, 0x0000000081300000|100%| O|  |TAMS 0x0000000081200000, 0x0000000081200000| Untracked 
|   5|0x0000000081300000, 0x0000000081400000, 0x0000000081400000|100%| O|  |TAMS 0x0000000081300000, 0x0000000081300000| Untracked 
|   6|0x0000000081400000, 0x0000000081500000, 0x0000000081500000|100%| O|  |TAMS 0x0000000081400000, 0x0000000081400000| Untracked 
|   7|0x0000000081500000, 0x000000008155d400, 0x0000000081600000| 36%| O|  |TAMS 0x0000000081500000, 0x0000000081500000| Untracked 
|   8|0x0000000081600000, 0x0000000081600000, 0x0000000081700000|  0%| F|  |TAMS 0x0000000081600000, 0x0000000081600000| Untracked 
|   9|0x0000000081700000, 0x0000000081700000, 0x0000000081800000|  0%| F|  |TAMS 0x0000000081700000, 0x0000000081700000| Untracked 
|  10|0x0000000081800000, 0x0000000081800000, 0x0000000081900000|  0%| F|  |TAMS 0x0000000081800000, 0x0000000081800000| Untracked 
|  11|0x0000000081900000, 0x0000000081900000, 0x0000000081a00000|  0%| F|  |TAMS 0x0000000081900000, 0x0000000081900000| Untracked 
|  12|0x0000000081a00000, 0x0000000081a00000, 0x0000000081b00000|  0%| F|  |TAMS 0x0000000081a00000, 0x0000000081a00000| Untracked 
|  13|0x0000000081b00000, 0x0000000081b00000, 0x0000000081c00000|  0%| F|  |TAMS 0x0000000081b00000, 0x0000000081b00000| Untracked 
|  14|0x0000000081c00000, 0x0000000081c00000, 0x0000000081d00000|  0%| F|  |TAMS 0x0000000081c00000, 0x0000000081c00000| Untracked 
|  15|0x0000000081d00000, 0x0000000081d00000, 0x0000000081e00000|  0%| F|  |TAMS 0x0000000081d00000, 0x0000000081d00000| Untracked 
|  16|0x0000000081e00000, 0x0000000081e00000, 0x0000000081f00000|  0%| F|  |TAMS 0x0000000081e00000, 0x0000000081e00000| Untracked 
|  17|0x0000000081f00000, 0x0000000081f00000, 0x0000000082000000|  0%| F|  |TAMS 0x0000000081f00000, 0x0000000081f00000| Untracked 
|  18|0x0000000082000000, 0x0000000082000000, 0x0000000082100000|  0%| F|  |TAMS 0x0000000082000000, 0x0000000082000000| Untracked 
|  19|0x0000000082100000, 0x0000000082100000, 0x0000000082200000|  0%| F|  |TAMS 0x0000000082100000, 0x0000000082100000| Untracked 
|  20|0x0000000082200000, 0x0000000082200000, 0x0000000082300000|  0%| F|  |TAMS 0x0000000082200000, 0x0000000082200000| Untracked 
|  21|0x0000000082300000, 0x0000000082300000, 0x0000000082400000|  0%| F|  |TAMS 0x0000000082300000, 0x0000000082300000| Untracked 
|  22|0x0000000082400000, 0x0000000082400000, 0x0000000082500000|  0%| F|  |TAMS 0x0000000082400000, 0x0000000082400000| Untracked 
|  23|0x0000000082500000, 0x0000000082500000, 0x0000000082600000|  0%| F|  |TAMS 0x0000000082500000, 0x0000000082500000| Untracked 
|  24|0x0000000082600000, 0x0000000082600000, 0x0000000082700000|  0%| F|  |TAMS 0x0000000082600000, 0x0000000082600000| Untracked 
|  25|0x0000000082700000, 0x0000000082700000, 0x0000000082800000|  0%| F|  |TAMS 0x0000000082700000, 0x0000000082700000| Untracked 
|  26|0x0000000082800000, 0x0000000082800000, 0x0000000082900000|  0%| F|  |TAMS 0x0000000082800000, 0x0000000082800000| Untracked 
|  27|0x0000000082900000, 0x0000000082900000, 0x0000000082a00000|  0%| F|  |TAMS 0x0000000082900000, 0x0000000082900000| Untracked 
|  28|0x0000000082a00000, 0x0000000082a00000, 0x0000000082b00000|  0%| F|  |TAMS 0x0000000082a00000, 0x0000000082a00000| Untracked 
|  29|0x0000000082b00000, 0x0000000082b00000, 0x0000000082c00000|  0%| F|  |TAMS 0x0000000082b00000, 0x0000000082b00000| Untracked 
|  30|0x0000000082c00000, 0x0000000082c00000, 0x0000000082d00000|  0%| F|  |TAMS 0x0000000082c00000, 0x0000000082c00000| Untracked 
|  31|0x0000000082d00000, 0x0000000082d00000, 0x0000000082e00000|  0%| F|  |TAMS 0x0000000082d00000, 0x0000000082d00000| Untracked 
|  32|0x0000000082e00000, 0x0000000082e00000, 0x0000000082f00000|  0%| F|  |TAMS 0x0000000082e00000, 0x0000000082e00000| Untracked 
|  33|0x0000000082f00000, 0x0000000082f00000, 0x0000000083000000|  0%| F|  |TAMS 0x0000000082f00000, 0x0000000082f00000| Untracked 
|  34|0x0000000083000000, 0x0000000083000000, 0x0000000083100000|  0%| F|  |TAMS 0x0000000083000000, 0x0000000083000000| Untracked 
|  35|0x0000000083100000, 0x0000000083100000, 0x0000000083200000|  0%| F|  |TAMS 0x0000000083100000, 0x0000000083100000| Untracked 
|  36|0x0000000083200000, 0x0000000083200000, 0x0000000083300000|  0%| F|  |TAMS 0x0000000083200000, 0x0000000083200000| Untracked 
|  37|0x0000000083300000, 0x0000000083300000, 0x0000000083400000|  0%| F|  |TAMS 0x0000000083300000, 0x0000000083300000| Untracked 
|  38|0x0000000083400000, 0x0000000083400000, 0x0000000083500000|  0%| F|  |TAMS 0x0000000083400000, 0x0000000083400000| Untracked 
|  39|0x0000000083500000, 0x0000000083500000, 0x0000000083600000|  0%| F|  |TAMS 0x0000000083500000, 0x0000000083500000| Untracked 
|  40|0x0000000083600000, 0x0000000083600000, 0x0000000083700000|  0%| F|  |TAMS 0x0000000083600000, 0x0000000083600000| Untracked 
|  41|0x0000000083700000, 0x0000000083700000, 0x0000000083800000|  0%| F|  |TAMS 0x0000000083700000, 0x0000000083700000| Untracked 
|  42|0x0000000083800000, 0x0000000083800000, 0x0000000083900000|  0%| F|  |TAMS 0x0000000083800000, 0x0000000083800000| Untracked 
|  43|0x0000000083900000, 0x0000000083900000, 0x0000000083a00000|  0%| F|  |TAMS 0x0000000083900000, 0x0000000083900000| Untracked 
|  44|0x0000000083a00000, 0x0000000083a00000, 0x0000000083b00000|  0%| F|  |TAMS 0x0000000083a00000, 0x0000000083a00000| Untracked 
|  45|0x0000000083b00000, 0x0000000083b00000, 0x0000000083c00000|  0%| F|  |TAMS 0x0000000083b00000, 0x0000000083b00000| Untracked 
|  46|0x0000000083c00000, 0x0000000083c00000, 0x0000000083d00000|  0%| F|  |TAMS 0x0000000083c00000, 0x0000000083c00000| Untracked 
|  47|0x0000000083d00000, 0x0000000083d00000, 0x0000000083e00000|  0%| F|  |TAMS 0x0000000083d00000, 0x0000000083d00000| Untracked 
|  48|0x0000000083e00000, 0x0000000083e00000, 0x0000000083f00000|  0%| F|  |TAMS 0x0000000083e00000, 0x0000000083e00000| Untracked 
|  49|0x0000000083f00000, 0x0000000083f00000, 0x0000000084000000|  0%| F|  |TAMS 0x0000000083f00000, 0x0000000083f00000| Untracked 
|  50|0x0000000084000000, 0x0000000084000000, 0x0000000084100000|  0%| F|  |TAMS 0x0000000084000000, 0x0000000084000000| Untracked 
|  51|0x0000000084100000, 0x0000000084100000, 0x0000000084200000|  0%| F|  |TAMS 0x0000000084100000, 0x0000000084100000| Untracked 
|  52|0x0000000084200000, 0x0000000084200000, 0x0000000084300000|  0%| F|  |TAMS 0x0000000084200000, 0x0000000084200000| Untracked 
|  53|0x0000000084300000, 0x0000000084300000, 0x0000000084400000|  0%| F|  |TAMS 0x0000000084300000, 0x0000000084300000| Untracked 
|  54|0x0000000084400000, 0x0000000084400000, 0x0000000084500000|  0%| F|  |TAMS 0x0000000084400000, 0x0000000084400000| Untracked 
|  55|0x0000000084500000, 0x0000000084500000, 0x0000000084600000|  0%| F|  |TAMS 0x0000000084500000, 0x0000000084500000| Untracked 
|  56|0x0000000084600000, 0x0000000084600000, 0x0000000084700000|  0%| F|  |TAMS 0x0000000084600000, 0x0000000084600000| Untracked 
|  57|0x0000000084700000, 0x0000000084700000, 0x0000000084800000|  0%| F|  |TAMS 0x0000000084700000, 0x0000000084700000| Untracked 
|  58|0x0000000084800000, 0x0000000084800000, 0x0000000084900000|  0%| F|  |TAMS 0x0000000084800000, 0x0000000084800000| Untracked 
|  59|0x0000000084900000, 0x0000000084900000, 0x0000000084a00000|  0%| F|  |TAMS 0x0000000084900000, 0x0000000084900000| Untracked 
|  60|0x0000000084a00000, 0x0000000084a00000, 0x0000000084b00000|  0%| F|  |TAMS 0x0000000084a00000, 0x0000000084a00000| Untracked 
|  61|0x0000000084b00000, 0x0000000084b00000, 0x0000000084c00000|  0%| F|  |TAMS 0x0000000084b00000, 0x0000000084b00000| Untracked 
|  62|0x0000000084c00000, 0x0000000084c00000, 0x0000000084d00000|  0%| F|  |TAMS 0x0000000084c00000, 0x0000000084c00000| Untracked 
|  63|0x0000000084d00000, 0x0000000084d00000, 0x0000000084e00000|  0%| F|  |TAMS 0x0000000084d00000, 0x0000000084d00000| Untracked 
|  64|0x0000000084e00000, 0x0000000084e00000, 0x0000000084f00000|  0%| F|  |TAMS 0x0000000084e00000, 0x0000000084e00000| Untracked 
|  65|0x0000000084f00000, 0x0000000084f00000, 0x0000000085000000|  0%| F|  |TAMS 0x0000000084f00000, 0x0000000084f00000| Untracked 
|  66|0x0000000085000000, 0x0000000085000000, 0x0000000085100000|  0%| F|  |TAMS 0x0000000085000000, 0x0000000085000000| Untracked 
|  67|0x0000000085100000, 0x0000000085100000, 0x0000000085200000|  0%| F|  |TAMS 0x0000000085100000, 0x0000000085100000| Untracked 
|  68|0x0000000085200000, 0x0000000085200000, 0x0000000085300000|  0%| F|  |TAMS 0x0000000085200000, 0x0000000085200000| Untracked 
|  69|0x0000000085300000, 0x0000000085300000, 0x0000000085400000|  0%| F|  |TAMS 0x0000000085300000, 0x0000000085300000| Untracked 
|  70|0x0000000085400000, 0x0000000085400000, 0x0000000085500000|  0%| F|  |TAMS 0x0000000085400000, 0x0000000085400000| Untracked 
|  71|0x0000000085500000, 0x0000000085500000, 0x0000000085600000|  0%| F|  |TAMS 0x0000000085500000, 0x0000000085500000| Untracked 
|  72|0x0000000085600000, 0x0000000085600000, 0x0000000085700000|  0%| F|  |TAMS 0x0000000085600000, 0x0000000085600000| Untracked 
|  73|0x0000000085700000, 0x0000000085700000, 0x0000000085800000|  0%| F|  |TAMS 0x0000000085700000, 0x0000000085700000| Untracked 
|  74|0x0000000085800000, 0x0000000085800000, 0x0000000085900000|  0%| F|  |TAMS 0x0000000085800000, 0x0000000085800000| Untracked 
|  75|0x0000000085900000, 0x0000000085900000, 0x0000000085a00000|  0%| F|  |TAMS 0x0000000085900000, 0x0000000085900000| Untracked 
|  76|0x0000000085a00000, 0x0000000085a00000, 0x0000000085b00000|  0%| F|  |TAMS 0x0000000085a00000, 0x0000000085a00000| Untracked 
|  77|0x0000000085b00000, 0x0000000085b00000, 0x0000000085c00000|  0%| F|  |TAMS 0x0000000085b00000, 0x0000000085b00000| Untracked 
|  78|0x0000000085c00000, 0x0000000085c00000, 0x0000000085d00000|  0%| F|  |TAMS 0x0000000085c00000, 0x0000000085c00000| Untracked 
|  79|0x0000000085d00000, 0x0000000085d00000, 0x0000000085e00000|  0%| F|  |TAMS 0x0000000085d00000, 0x0000000085d00000| Untracked 
|  80|0x0000000085e00000, 0x0000000085e00000, 0x0000000085f00000|  0%| F|  |TAMS 0x0000000085e00000, 0x0000000085e00000| Untracked 
|  81|0x0000000085f00000, 0x0000000085f00000, 0x0000000086000000|  0%| F|  |TAMS 0x0000000085f00000, 0x0000000085f00000| Untracked 
|  82|0x0000000086000000, 0x0000000086000000, 0x0000000086100000|  0%| F|  |TAMS 0x0000000086000000, 0x0000000086000000| Untracked 
|  83|0x0000000086100000, 0x0000000086100000, 0x0000000086200000|  0%| F|  |TAMS 0x0000000086100000, 0x0000000086100000| Untracked 
|  84|0x0000000086200000, 0x0000000086200000, 0x0000000086300000|  0%| F|  |TAMS 0x0000000086200000, 0x0000000086200000| Untracked 
|  85|0x0000000086300000, 0x0000000086300000, 0x0000000086400000|  0%| F|  |TAMS 0x0000000086300000, 0x0000000086300000| Untracked 
|  86|0x0000000086400000, 0x0000000086400000, 0x0000000086500000|  0%| F|  |TAMS 0x0000000086400000, 0x0000000086400000| Untracked 
|  87|0x0000000086500000, 0x0000000086500000, 0x0000000086600000|  0%| F|  |TAMS 0x0000000086500000, 0x0000000086500000| Untracked 
|  88|0x0000000086600000, 0x0000000086600000, 0x0000000086700000|  0%| F|  |TAMS 0x0000000086600000, 0x0000000086600000| Untracked 
|  89|0x0000000086700000, 0x0000000086700000, 0x0000000086800000|  0%| F|  |TAMS 0x0000000086700000, 0x0000000086700000| Untracked 
|  90|0x0000000086800000, 0x0000000086800000, 0x0000000086900000|  0%| F|  |TAMS 0x0000000086800000, 0x0000000086800000| Untracked 
|  91|0x0000000086900000, 0x0000000086900000, 0x0000000086a00000|  0%| F|  |TAMS 0x0000000086900000, 0x0000000086900000| Untracked 
|  92|0x0000000086a00000, 0x0000000086a00000, 0x0000000086b00000|  0%| F|  |TAMS 0x0000000086a00000, 0x0000000086a00000| Untracked 
|  93|0x0000000086b00000, 0x0000000086b00000, 0x0000000086c00000|  0%| F|  |TAMS 0x0000000086b00000, 0x0000000086b00000| Untracked 
|  94|0x0000000086c00000, 0x0000000086c00000, 0x0000000086d00000|  0%| F|  |TAMS 0x0000000086c00000, 0x0000000086c00000| Untracked 
|  95|0x0000000086d00000, 0x0000000086d00000, 0x0000000086e00000|  0%| F|  |TAMS 0x0000000086d00000, 0x0000000086d00000| Untracked 
|  96|0x0000000086e00000, 0x0000000086e00000, 0x0000000086f00000|  0%| F|  |TAMS 0x0000000086e00000, 0x0000000086e00000| Untracked 
|  97|0x0000000086f00000, 0x0000000086f00000, 0x0000000087000000|  0%| F|  |TAMS 0x0000000086f00000, 0x0000000086f00000| Untracked 
|  98|0x0000000087000000, 0x0000000087000000, 0x0000000087100000|  0%| F|  |TAMS 0x0000000087000000, 0x0000000087000000| Untracked 
|  99|0x0000000087100000, 0x0000000087100000, 0x0000000087200000|  0%| F|  |TAMS 0x0000000087100000, 0x0000000087100000| Untracked 
| 100|0x0000000087200000, 0x0000000087200000, 0x0000000087300000|  0%| F|  |TAMS 0x0000000087200000, 0x0000000087200000| Untracked 
| 101|0x0000000087300000, 0x0000000087300000, 0x0000000087400000|  0%| F|  |TAMS 0x0000000087300000, 0x0000000087300000| Untracked 
| 102|0x0000000087400000, 0x0000000087400000, 0x0000000087500000|  0%| F|  |TAMS 0x0000000087400000, 0x0000000087400000| Untracked 
| 103|0x0000000087500000, 0x0000000087500000, 0x0000000087600000|  0%| F|  |TAMS 0x0000000087500000, 0x0000000087500000| Untracked 
| 104|0x0000000087600000, 0x0000000087600000, 0x0000000087700000|  0%| F|  |TAMS 0x0000000087600000, 0x0000000087600000| Untracked 
| 105|0x0000000087700000, 0x0000000087700000, 0x0000000087800000|  0%| F|  |TAMS 0x0000000087700000, 0x0000000087700000| Untracked 
| 106|0x0000000087800000, 0x0000000087800000, 0x0000000087900000|  0%| F|  |TAMS 0x0000000087800000, 0x0000000087800000| Untracked 
| 107|0x0000000087900000, 0x0000000087900000, 0x0000000087a00000|  0%| F|  |TAMS 0x0000000087900000, 0x0000000087900000| Untracked 
| 108|0x0000000087a00000, 0x0000000087b00000, 0x0000000087b00000|100%| E|  |TAMS 0x0000000087a00000, 0x0000000087a00000| Complete 
| 109|0x0000000087b00000, 0x0000000087c00000, 0x0000000087c00000|100%| E|CS|TAMS 0x0000000087b00000, 0x0000000087b00000| Complete 
| 110|0x0000000087c00000, 0x0000000087d00000, 0x0000000087d00000|100%| E|CS|TAMS 0x0000000087c00000, 0x0000000087c00000| Complete 
| 111|0x0000000087d00000, 0x0000000087e00000, 0x0000000087e00000|100%| E|CS|TAMS 0x0000000087d00000, 0x0000000087d00000| Complete 
| 112|0x0000000087e00000, 0x0000000087f00000, 0x0000000087f00000|100%| E|CS|TAMS 0x0000000087e00000, 0x0000000087e00000| Complete 
| 113|0x0000000087f00000, 0x0000000088000000, 0x0000000088000000|100%| E|CS|TAMS 0x0000000087f00000, 0x0000000087f00000| Complete 
| 114|0x0000000088000000, 0x0000000088100000, 0x0000000088100000|100%| E|CS|TAMS 0x0000000088000000, 0x0000000088000000| Complete 
| 115|0x0000000088100000, 0x0000000088200000, 0x0000000088200000|100%| E|  |TAMS 0x0000000088100000, 0x0000000088100000| Complete 
| 116|0x0000000088200000, 0x0000000088232620, 0x0000000088300000| 19%| S|CS|TAMS 0x0000000088200000, 0x0000000088200000| Complete 
| 117|0x0000000088300000, 0x0000000088400000, 0x0000000088400000|100%| S|CS|TAMS 0x0000000088300000, 0x0000000088300000| Complete 
| 118|0x0000000088400000, 0x0000000088500000, 0x0000000088500000|100%| E|CS|TAMS 0x0000000088400000, 0x0000000088400000| Complete 
| 119|0x0000000088500000, 0x0000000088600000, 0x0000000088600000|100%| E|CS|TAMS 0x0000000088500000, 0x0000000088500000| Complete 
| 120|0x0000000088600000, 0x0000000088700000, 0x0000000088700000|100%| E|CS|TAMS 0x0000000088600000, 0x0000000088600000| Complete 
| 121|0x0000000088700000, 0x0000000088800000, 0x0000000088800000|100%| E|CS|TAMS 0x0000000088700000, 0x0000000088700000| Complete 
| 122|0x0000000088800000, 0x0000000088900000, 0x0000000088900000|100%| E|CS|TAMS 0x0000000088800000, 0x0000000088800000| Complete 
| 123|0x0000000088900000, 0x0000000088a00000, 0x0000000088a00000|100%| E|CS|TAMS 0x0000000088900000, 0x0000000088900000| Complete 
| 124|0x0000000088a00000, 0x0000000088b00000, 0x0000000088b00000|100%| E|CS|TAMS 0x0000000088a00000, 0x0000000088a00000| Complete 
| 125|0x0000000088b00000, 0x0000000088c00000, 0x0000000088c00000|100%| E|CS|TAMS 0x0000000088b00000, 0x0000000088b00000| Complete 
| 126|0x0000000088c00000, 0x0000000088d00000, 0x0000000088d00000|100%| E|CS|TAMS 0x0000000088c00000, 0x0000000088c00000| Complete 
| 127|0x0000000088d00000, 0x0000000088e00000, 0x0000000088e00000|100%| E|CS|TAMS 0x0000000088d00000, 0x0000000088d00000| Complete 

Card table byte_map: [0x0000025a6de80000,0x0000025a6e280000] _byte_map_base: 0x0000025a6da79000

Marking Bits (Prev, Next): (CMBitMap*) 0x0000025a615db730, (CMBitMap*) 0x0000025a615db770
 Prev Bits: [0x0000025a6e680000, 0x0000025a70648000)
 Next Bits: [0x0000025a70650000, 0x0000025a72618000)

Polling page: 0x0000025a61650000

Metaspace:

Usage:
  Non-class:      9.57 MB used.
      Class:      1.48 MB used.
       Both:     11.05 MB used.

Virtual space:
  Non-class space:       16.00 MB reserved,       9.62 MB ( 60%) committed,  2 nodes.
      Class space:        1.00 GB reserved,       1.56 MB ( <1%) committed,  1 nodes.
             Both:        1.02 GB reserved,      11.19 MB (  1%) committed. 

Chunk freelists:
   Non-Class:  1.92 MB
       Class:  2.39 MB
        Both:  4.31 MB

MaxMetaspaceSize: unlimited
CompressedClassSpaceSize: 1.00 GB
Initial GC threshold: 21.00 MB
Current GC threshold: 21.00 MB
CDS: on
MetaspaceReclaimPolicy: balanced
 - commit_granule_bytes: 65536.
 - commit_granule_words: 8192.
 - virtual_space_node_default_size: 1048576.
 - enlarge_chunks_in_place: 1.
 - new_chunks_are_fully_committed: 0.
 - uncommit_free_chunks: 1.
 - use_allocation_guard: 0.
 - handle_deallocations: 1.


Internal statistics:

num_allocs_failed_limit: 0.
num_arena_births: 176.
num_arena_deaths: 0.
num_vsnodes_births: 3.
num_vsnodes_deaths: 0.
num_space_committed: 179.
num_space_uncommitted: 0.
num_chunks_returned_to_freelist: 0.
num_chunks_taken_from_freelist: 460.
num_chunk_merges: 0.
num_chunk_splits: 308.
num_chunks_enlarged: 227.
num_purges: 0.
num_inconsistent_stats: 0.

CodeCache: size=49152Kb used=4973Kb max_used=4973Kb free=44178Kb
 bounds [0x0000025a6a5e0000, 0x0000025a6aac0000, 0x0000025a6d5e0000]
 total_blobs=2339 nmethods=1875 adapters=389
 compilation: enabled
              stopped_count=0, restarted_count=0
 full_count=0

Compilation events (20 events):
Event: 1.168 Thread 0x0000025a74bff7a0 1867       1       java.util.concurrent.locks.ReentrantLock$Sync::lock (13 bytes)
Event: 1.168 Thread 0x0000025a75874e50 nmethod 1865 0x0000025a6aab7990 code [0x0000025a6aab7b40, 0x0000025a6aab7dc8]
Event: 1.168 Thread 0x0000025a75874e50 1868       1       java.util.concurrent.locks.ReentrantLock::unlock (10 bytes)
Event: 1.168 Thread 0x0000025a74bff7a0 nmethod 1867 0x0000025a6aab7e90 code [0x0000025a6aab8040, 0x0000025a6aab8258]
Event: 1.168 Thread 0x0000025a74c30c60 nmethod 1866 0x0000025a6aab8310 code [0x0000025a6aab84c0, 0x0000025a6aab86d8]
Event: 1.168 Thread 0x0000025a74bff7a0 1869       1       java.util.concurrent.locks.ReentrantLock$Sync::tryRelease (51 bytes)
Event: 1.168 Thread 0x0000025a75874e50 nmethod 1868 0x0000025a6aab8810 code [0x0000025a6aab89c0, 0x0000025a6aab8b18]
Event: 1.168 Thread 0x0000025a74bff7a0 nmethod 1869 0x0000025a6aab8c10 code [0x0000025a6aab8da0, 0x0000025a6aab8f68]
Event: 1.171 Thread 0x0000025a74bff7a0 1870       1       ch.qos.logback.classic.Logger::getChildByName (68 bytes)
Event: 1.171 Thread 0x0000025a74bff7a0 nmethod 1870 0x0000025a6aab9010 code [0x0000025a6aab91e0, 0x0000025a6aab9428]
Event: 1.172 Thread 0x0000025a74bff7a0 1871       1       java.lang.invoke.LambdaFormEditor$TransformKey::bval (26 bytes)
Event: 1.172 Thread 0x0000025a74bff7a0 nmethod 1871 0x0000025a6aab9590 code [0x0000025a6aab9720, 0x0000025a6aab97d8]
Event: 1.175 Thread 0x0000025a75874e50 1872       1       ch.qos.logback.classic.util.ContextSelectorStaticBinder::getContextSelector (5 bytes)
Event: 1.175 Thread 0x0000025a75874e50 nmethod 1872 0x0000025a6aab9b90 code [0x0000025a6aab9d20, 0x0000025a6aab9df8]
Event: 1.177 Thread 0x0000025a74c30c60 1873       1       java.lang.reflect.Field::getModifiers (5 bytes)
Event: 1.177 Thread 0x0000025a74c30c60 nmethod 1873 0x0000025a6aab9e90 code [0x0000025a6aaba020, 0x0000025a6aaba0f8]
Event: 1.180 Thread 0x0000025a74c30c60 1874       1       java.lang.ClassLoader::getUnnamedModule (5 bytes)
Event: 1.180 Thread 0x0000025a74c30c60 nmethod 1874 0x0000025a6aaba190 code [0x0000025a6aaba320, 0x0000025a6aaba3f8]
Event: 1.182 Thread 0x0000025a75874e50 1875       1       java.util.Locale::getLanguage (8 bytes)
Event: 1.182 Thread 0x0000025a75874e50 nmethod 1875 0x0000025a6aabb410 code [0x0000025a6aabb5a0, 0x0000025a6aabb678]

GC Heap History (4 events):
Event: 0.615 GC heap before
{Heap before GC invocations=0 (full 0):
 garbage-first heap   total 131072K, used 13312K [0x0000000080e00000, 0x0000000100000000)
  region size 1024K, 13 young (13312K), 0 survivors (0K)
 Metaspace       used 5122K, committed 5376K, reserved 1056768K
  class space    used 605K, committed 768K, reserved 1048576K
}
Event: 0.628 GC heap after
{Heap after GC invocations=1 (full 0):
 garbage-first heap   total 131072K, used 7353K [0x0000000080e00000, 0x0000000100000000)
  region size 1024K, 2 young (2048K), 2 survivors (2048K)
 Metaspace       used 5122K, committed 5376K, reserved 1056768K
  class space    used 605K, committed 768K, reserved 1048576K
}
Event: 0.953 GC heap before
{Heap before GC invocations=1 (full 0):
 garbage-first heap   total 131072K, used 17593K [0x0000000080e00000, 0x0000000100000000)
  region size 1024K, 12 young (12288K), 2 survivors (2048K)
 Metaspace       used 7619K, committed 7872K, reserved 1056768K
  class space    used 962K, committed 1088K, reserved 1048576K
}
Event: 0.956 GC heap after
{Heap after GC invocations=2 (full 0):
 garbage-first heap   total 131072K, used 8766K [0x0000000080e00000, 0x0000000100000000)
  region size 1024K, 2 young (2048K), 2 survivors (2048K)
 Metaspace       used 7619K, committed 7872K, reserved 1056768K
  class space    used 962K, committed 1088K, reserved 1048576K
}

Deoptimization events (2 events):
Event: 0.755 Thread 0x0000025a61581710 DEOPT PACKING pc=0x0000025a6a8bc475 sp=0x000000990f0fdb60
Event: 0.755 Thread 0x0000025a61581710 DEOPT UNPACKING pc=0x0000025a6a632b43 sp=0x000000990f0fcfb8 mode 3

Classes unloaded (0 events):
No events

Classes redefined (0 events):
No events

Internal exceptions (20 events):
Event: 0.943 Thread 0x0000025a61581710 Exception <a 'java/lang/IncompatibleClassChangeError'{0x000000008847eb70}: Found class java.lang.Object, but interface was expected> (0x000000008847eb70) 
thrown [t:\workspace\open\src\hotspot\share\interpreter\linkResolver.cpp, line 833]
Event: 0.962 Thread 0x0000025a61581710 Exception <a 'java/lang/NoSuchMethodError'{0x0000000088d63380}: 'int java.lang.invoke.DirectMethodHandle$Holder.invokeSpecial(java.lang.Object, java.lang.Object, java.lang.Object, java.lang.Object)'> (0x0000000088d63380) 
thrown [t:\workspace\open\src\hotspot\share\interpreter\linkResolver.cpp, line 766]
Event: 0.982 Thread 0x0000025a61581710 Exception <a 'java/lang/NoSuchMethodError'{0x0000000088b1a630}: 'java.lang.Object java.lang.invoke.DirectMethodHandle$Holder.newInvokeSpecial(java.lang.Object, java.lang.Object, java.lang.Object, java.lang.Object, java.lang.Object, java.lang.Object)'> (0x0000000088b1a630) 
thrown [t:\workspace\open\src\hotspot\share\interpreter\linkResolver.cpp, line 766]
Event: 0.997 Thread 0x0000025a61581710 Exception <a 'java/lang/NoSuchMethodError'{0x0000000088bd3fe8}: 'java.lang.Object java.lang.invoke.DirectMethodHandle$Holder.invokeSpecial(java.lang.Object, java.lang.Object, java.lang.Object, java.lang.Object, java.lang.Object, java.lang.Object, int)'> (0x0000000088bd3fe8) 
thrown [t:\workspace\open\src\hotspot\share\interpreter\linkResolver.cpp, line 766]
Event: 0.997 Thread 0x0000025a61581710 Exception <a 'java/lang/NoSuchMethodError'{0x0000000088bde548}: 'java.lang.Object java.lang.invoke.DirectMethodHandle$Holder.newInvokeSpecial(java.lang.Object, java.lang.Object, java.lang.Object, java.lang.Object, java.lang.Object, java.lang.Object, int)'> (0x0000000088bde548) 
thrown [t:\workspace\open\src\hotspot\share\interpreter\linkResolver.cpp, line 766]
Event: 0.998 Thread 0x0000025a61581710 Exception <a 'java/lang/NoSuchMethodError'{0x0000000088be3588}: 'java.lang.Object java.lang.invoke.DirectMethodHandle$Holder.invokeSpecial(java.lang.Object, java.lang.Object, java.lang.Object, java.lang.Object, java.lang.Object, java.lang.Object, java.lang.Object, int)'> (0x0000000088be3588) 
thrown [t:\workspace\open\src\hotspot\share\interpreter\linkResolver.cpp, line 766]
Event: 1.039 Thread 0x0000025a61581710 Exception <a 'java/lang/NoSuchMethodError'{0x00000000889f3ad8}: 'java.lang.Object java.lang.invoke.DirectMethodHandle$Holder.invokeSpecial(java.lang.Object, java.lang.Object, java.lang.Object, int, java.lang.Object)'> (0x00000000889f3ad8) 
thrown [t:\workspace\open\src\hotspot\share\interpreter\linkResolver.cpp, line 766]
Event: 1.040 Thread 0x0000025a61581710 Exception <a 'java/lang/NoSuchMethodError'{0x00000000889fc140}: 'java.lang.Object java.lang.invoke.DirectMethodHandle$Holder.newInvokeSpecial(java.lang.Object, java.lang.Object, java.lang.Object, int, java.lang.Object)'> (0x00000000889fc140) 
thrown [t:\workspace\open\src\hotspot\share\interpreter\linkResolver.cpp, line 766]
Event: 1.040 Thread 0x0000025a61581710 Exception <a 'java/lang/NoSuchMethodError'{0x0000000088803cb0}: 'java.lang.Object java.lang.invoke.Invokers$Holder.linkToTargetMethod(java.lang.Object, java.lang.Object, int, java.lang.Object, java.lang.Object)'> (0x0000000088803cb0) 
thrown [t:\workspace\open\src\hotspot\share\interpreter\linkResolver.cpp, line 766]
Event: 1.041 Thread 0x0000025a61581710 Exception <a 'java/lang/NoSuchMethodError'{0x0000000088813ac0}: 'java.lang.Object java.lang.invoke.DirectMethodHandle$Holder.newInvokeSpecial(java.lang.Object, int, java.lang.Object)'> (0x0000000088813ac0) 
thrown [t:\workspace\open\src\hotspot\share\interpreter\linkResolver.cpp, line 766]
Event: 1.042 Thread 0x0000025a61581710 Exception <a 'java/lang/NoSuchMethodError'{0x0000000088818500}: 'int java.lang.invoke.DirectMethodHandle$Holder.invokeSpecialIFC(java.lang.Object, java.lang.Object, java.lang.Object, java.lang.Object)'> (0x0000000088818500) 
thrown [t:\workspace\open\src\hotspot\share\interpreter\linkResolver.cpp, line 766]
Event: 1.053 Thread 0x0000025a61581710 Exception <a 'java/lang/NoSuchMethodError'{0x00000000888f92b0}: 'java.lang.Object java.lang.invoke.DirectMethodHandle$Holder.invokeInterface(java.lang.Object, java.lang.Object)'> (0x00000000888f92b0) 
thrown [t:\workspace\open\src\hotspot\share\interpreter\linkResolver.cpp, line 766]
Event: 1.066 Thread 0x0000025a61581710 Exception <a 'java/lang/NoSuchMethodError'{0x00000000887b21b8}: 'void java.lang.invoke.DirectMethodHandle$Holder.invokeInterface(java.lang.Object, java.lang.Object, java.lang.Object)'> (0x00000000887b21b8) 
thrown [t:\workspace\open\src\hotspot\share\interpreter\linkResolver.cpp, line 766]
Event: 1.079 Thread 0x0000025a61581710 Exception <a 'java/lang/NoSuchMethodError'{0x0000000088650fe8}: 'void java.lang.invoke.DirectMethodHandle$Holder.invokeStatic(java.lang.Object, java.lang.Object, int)'> (0x0000000088650fe8) 
thrown [t:\workspace\open\src\hotspot\share\interpreter\linkResolver.cpp, line 766]
Event: 1.080 Thread 0x0000025a61581710 Exception <a 'java/lang/NoSuchMethodError'{0x0000000088658cd8}: 'void java.lang.invoke.DirectMethodHandle$Holder.invokeStaticInit(java.lang.Object, java.lang.Object)'> (0x0000000088658cd8) 
thrown [t:\workspace\open\src\hotspot\share\interpreter\linkResolver.cpp, line 766]
Event: 1.082 Thread 0x0000025a61581710 Exception <a 'java/lang/NoSuchMethodError'{0x0000000088676950}: 'void java.lang.invoke.DirectMethodHandle$Holder.invokeStaticInit(java.lang.Object, java.lang.Object, java.lang.Object)'> (0x0000000088676950) 
thrown [t:\workspace\open\src\hotspot\share\interpreter\linkResolver.cpp, line 766]
Event: 1.095 Thread 0x0000025a61581710 Exception <a 'java/lang/NoSuchMethodError'{0x00000000886f04c8}: 'void java.lang.invoke.DirectMethodHandle$Holder.invokeVirtual(java.lang.Object, java.lang.Object, java.lang.Object, java.lang.Object)'> (0x00000000886f04c8) 
thrown [t:\workspace\open\src\hotspot\share\interpreter\linkResolver.cpp, line 766]
Event: 1.119 Thread 0x0000025a61581710 Exception <a 'java/lang/NoSuchMethodError'{0x0000000088450440}: 'void java.lang.invoke.DirectMethodHandle$Holder.invokeSpecial(java.lang.Object, java.lang.Object, java.lang.Object)'> (0x0000000088450440) 
thrown [t:\workspace\open\src\hotspot\share\interpreter\linkResolver.cpp, line 766]
Event: 1.120 Thread 0x0000025a61581710 Exception <a 'java/lang/NoSuchMethodError'{0x0000000088456988}: 'void java.lang.invoke.DirectMethodHandle$Holder.invokeSpecial(java.lang.Object, java.lang.Object, java.lang.Object, java.lang.Object, java.lang.Object)'> (0x0000000088456988) 
thrown [t:\workspace\open\src\hotspot\share\interpreter\linkResolver.cpp, line 766]
Event: 1.174 Thread 0x0000025a61581710 Exception <a 'java/lang/NoSuchMethodError'{0x0000000087b2ee40}: 'org.slf4j.impl.StaticMDCBinder org.slf4j.impl.StaticMDCBinder.getSingleton()'> (0x0000000087b2ee40) 
thrown [t:\workspace\open\src\hotspot\share\interpreter\linkResolver.cpp, line 766]

VM Operations (20 events):
Event: 0.142 Executing VM operation: HandshakeAllThreads
Event: 0.143 Executing VM operation: HandshakeAllThreads done
Event: 0.175 Executing VM operation: HandshakeAllThreads
Event: 0.175 Executing VM operation: HandshakeAllThreads done
Event: 0.318 Executing VM operation: HandshakeAllThreads
Event: 0.318 Executing VM operation: HandshakeAllThreads done
Event: 0.480 Executing VM operation: HandshakeAllThreads
Event: 0.498 Executing VM operation: HandshakeAllThreads done
Event: 0.615 Executing VM operation: G1CollectForAllocation
Event: 0.628 Executing VM operation: G1CollectForAllocation done
Event: 0.701 Executing VM operation: HandshakeAllThreads
Event: 0.701 Executing VM operation: HandshakeAllThreads done
Event: 0.860 Executing VM operation: HandshakeAllThreads
Event: 0.860 Executing VM operation: HandshakeAllThreads done
Event: 0.953 Executing VM operation: G1CollectForAllocation
Event: 0.956 Executing VM operation: G1CollectForAllocation done
Event: 1.028 Executing VM operation: HandshakeAllThreads
Event: 1.028 Executing VM operation: HandshakeAllThreads done
Event: 1.153 Executing VM operation: ICBufferFull
Event: 1.153 Executing VM operation: ICBufferFull done

Events (20 events):
Event: 1.122 Thread 0x0000025a76278540 Thread added: 0x0000025a76278540
Event: 1.133 loading class java/net/MalformedURLException
Event: 1.133 loading class java/net/MalformedURLException done
Event: 1.151 loading class java/util/regex/Pattern$SliceI
Event: 1.152 loading class java/util/regex/Pattern$SliceI done
Event: 1.152 loading class java/util/regex/Pattern$1
Event: 1.152 loading class java/util/regex/Pattern$1 done
Event: 1.158 loading class java/util/concurrent/locks/ReentrantReadWriteLock$NonfairSync
Event: 1.158 loading class java/util/concurrent/locks/ReentrantReadWriteLock$NonfairSync done
Event: 1.158 loading class java/util/concurrent/ConcurrentLinkedQueue
Event: 1.158 loading class java/util/concurrent/ConcurrentLinkedQueue done
Event: 1.158 loading class java/util/concurrent/ConcurrentLinkedQueue$Node
Event: 1.158 loading class java/util/concurrent/ConcurrentLinkedQueue$Node done
Event: 1.172 loading class java/lang/StackTraceElement$HashedModules
Event: 1.172 loading class java/lang/StackTraceElement$HashedModules done
Event: 1.177 loading class jdk/internal/reflect/UnsafeQualifiedStaticIntegerFieldAccessorImpl
Event: 1.177 loading class jdk/internal/reflect/UnsafeQualifiedStaticIntegerFieldAccessorImpl done
Event: 1.179 loading class org/xml/sax/ErrorHandler
Event: 1.179 loading class org/xml/sax/ErrorHandler done
Event: 1.190 loading class sun/nio/cs/ISO_8859_1$Encoder


Dynamic libraries:
0x00007ff7062d0000 - 0x00007ff7062e0000 	C:\Program Files\Java\jdk-17.0.3.1\bin\java.exe
0x00007ffedd010000 - 0x00007ffedd208000 	C:\Windows\SYSTEM32\ntdll.dll
0x00007ffedc6e0000 - 0x00007ffedc79d000 	C:\Windows\System32\KERNEL32.DLL
0x00007ffedaa00000 - 0x00007ffedacce000 	C:\Windows\System32\KERNELBASE.dll
0x00007ffedae90000 - 0x00007ffedaf90000 	C:\Windows\System32\ucrtbase.dll
0x00007ffeba690000 - 0x00007ffeba6a8000 	C:\Program Files\Java\jdk-17.0.3.1\bin\jli.dll
0x00007ffeb7050000 - 0x00007ffeb706a000 	C:\Program Files\Java\jdk-17.0.3.1\bin\VCRUNTIME140.dll
0x00007ffedbfe0000 - 0x00007ffedc08e000 	C:\Windows\System32\ADVAPI32.dll
0x00007ffedc220000 - 0x00007ffedc2be000 	C:\Windows\System32\msvcrt.dll
0x00007ffedbe20000 - 0x00007ffedbebc000 	C:\Windows\System32\sechost.dll
0x00007ffedc2f0000 - 0x00007ffedc415000 	C:\Windows\System32\RPCRT4.dll
0x00007ffedc540000 - 0x00007ffedc6e0000 	C:\Windows\System32\USER32.dll
0x00007ffedacd0000 - 0x00007ffedacf2000 	C:\Windows\System32\win32u.dll
0x00007ffec6dc0000 - 0x00007ffec705a000 	C:\Windows\WinSxS\amd64_microsoft.windows.common-controls_6595b64144ccf1df_6.0.19041.1110_none_60b5254171f9507e\COMCTL32.dll
0x00007ffedbec0000 - 0x00007ffedbeea000 	C:\Windows\System32\GDI32.dll
0x00007ffeda8f0000 - 0x00007ffeda9fb000 	C:\Windows\System32\gdi32full.dll
0x00007ffeda7a0000 - 0x00007ffeda83d000 	C:\Windows\System32\msvcp_win.dll
0x00007ffed35d0000 - 0x00007ffed35da000 	C:\Windows\SYSTEM32\VERSION.dll
0x00007ffedc2c0000 - 0x00007ffedc2f0000 	C:\Windows\System32\IMM32.DLL
0x00007ffebf830000 - 0x00007ffebf83c000 	C:\Program Files\Java\jdk-17.0.3.1\bin\vcruntime140_1.dll
0x00007ffea2060000 - 0x00007ffea20ed000 	C:\Program Files\Java\jdk-17.0.3.1\bin\msvcp140.dll
0x00007ffe93190000 - 0x00007ffe93d50000 	C:\Program Files\Java\jdk-17.0.3.1\bin\server\jvm.dll
0x00007ffedbc00000 - 0x00007ffedbc08000 	C:\Windows\System32\PSAPI.DLL
0x00007ffec7e20000 - 0x00007ffec7e29000 	C:\Windows\SYSTEM32\WSOCK32.dll
0x00007ffed1970000 - 0x00007ffed1997000 	C:\Windows\SYSTEM32\WINMM.dll
0x00007ffedc4d0000 - 0x00007ffedc53b000 	C:\Windows\System32\WS2_32.dll
0x00007ffed8600000 - 0x00007ffed8612000 	C:\Windows\SYSTEM32\kernel.appcore.dll
0x00007ffebbdb0000 - 0x00007ffebbdba000 	C:\Program Files\Java\jdk-17.0.3.1\bin\jimage.dll
0x00007ffed3cf0000 - 0x00007ffed3ed4000 	C:\Windows\SYSTEM32\DBGHELP.DLL
0x00007ffecb1d0000 - 0x00007ffecb1fc000 	C:\Windows\SYSTEM32\dbgcore.DLL
0x00007ffedafe0000 - 0x00007ffedb062000 	C:\Windows\System32\bcryptPrimitives.dll
0x00007ffed1110000 - 0x00007ffed111e000 	C:\Program Files\Java\jdk-17.0.3.1\bin\instrument.dll
0x00007ffea3d30000 - 0x00007ffea3d55000 	C:\Program Files\Java\jdk-17.0.3.1\bin\java.dll
0x00007ffe9f2b0000 - 0x00007ffe9f386000 	C:\Program Files\Java\jdk-17.0.3.1\bin\jsvml.dll
0x00007ffedc880000 - 0x00007ffedcfc3000 	C:\Windows\System32\SHELL32.dll
0x00007ffed8800000 - 0x00007ffed8f95000 	C:\Windows\SYSTEM32\windows.storage.dll
0x00007ffedb130000 - 0x00007ffedb484000 	C:\Windows\System32\combase.dll
0x00007ffeda0b0000 - 0x00007ffeda0e0000 	C:\Windows\SYSTEM32\Wldp.dll
0x00007ffedb070000 - 0x00007ffedb11d000 	C:\Windows\System32\SHCORE.dll
0x00007ffedbef0000 - 0x00007ffedbf45000 	C:\Windows\System32\shlwapi.dll
0x00007ffeda670000 - 0x00007ffeda68f000 	C:\Windows\SYSTEM32\profapi.dll
0x00007ffea26d0000 - 0x00007ffea26e8000 	C:\Program Files\Java\jdk-17.0.3.1\bin\zip.dll
0x00007ffeb40a0000 - 0x00007ffeb40b9000 	C:\Program Files\Java\jdk-17.0.3.1\bin\net.dll
0x00007ffecd9b0000 - 0x00007ffecdaba000 	C:\Windows\SYSTEM32\WINHTTP.dll
0x00007ffed9e90000 - 0x00007ffed9efa000 	C:\Windows\system32\mswsock.dll
0x00007ffea26f0000 - 0x00007ffea2706000 	C:\Program Files\Java\jdk-17.0.3.1\bin\nio.dll
0x00007ffece850000 - 0x00007ffece86a000 	C:\Program Files\JetBrains\IntelliJ IDEA 2022.1.1\bin\breakgen64.dll
0x00007ffed9b90000 - 0x00007ffed9c5a000 	C:\Windows\SYSTEM32\DNSAPI.dll
0x00007ffed9b50000 - 0x00007ffed9b8b000 	C:\Windows\SYSTEM32\IPHLPAPI.DLL
0x00007ffedc1b0000 - 0x00007ffedc1b8000 	C:\Windows\System32\NSI.dll
0x00007ffecd590000 - 0x00007ffecd59a000 	C:\Windows\System32\rasadhlp.dll
0x00007ffecde10000 - 0x00007ffecde90000 	C:\Windows\System32\fwpuclnt.dll
0x00007ffedad00000 - 0x00007ffedad27000 	C:\Windows\System32\bcrypt.dll
0x00007ffece820000 - 0x00007ffece829000 	C:\Program Files\Java\jdk-17.0.3.1\bin\management.dll
0x00007ffece730000 - 0x00007ffece73b000 	C:\Program Files\Java\jdk-17.0.3.1\bin\management_ext.dll
0x00007ffeda0f0000 - 0x00007ffeda108000 	C:\Windows\SYSTEM32\CRYPTSP.dll
0x00007ffed97c0000 - 0x00007ffed97f4000 	C:\Windows\system32\rsaenh.dll
0x00007ffeda5f0000 - 0x00007ffeda61e000 	C:\Windows\SYSTEM32\USERENV.dll
0x00007ffeda020000 - 0x00007ffeda02c000 	C:\Windows\SYSTEM32\CRYPTBASE.dll
0x00007ffed35b0000 - 0x00007ffed35c7000 	C:\Windows\SYSTEM32\dhcpcsvc6.DLL
0x00007ffed1950000 - 0x00007ffed196d000 	C:\Windows\SYSTEM32\dhcpcsvc.DLL
0x00007ffec2d50000 - 0x00007ffec2d67000 	C:\Windows\system32\napinsp.dll
0x00007ffec2d30000 - 0x00007ffec2d4b000 	C:\Windows\system32\pnrpnsp.dll
0x00007ffec2d10000 - 0x00007ffec2d25000 	C:\Windows\system32\wshbth.dll
0x00007ffed60c0000 - 0x00007ffed60dd000 	C:\Windows\system32\NLAapi.dll
0x00007ffec2cf0000 - 0x00007ffec2d02000 	C:\Windows\System32\winrnr.dll

dbghelp: loaded successfully - version: 4.0.5 - missing functions: none
symbol engine: initialized successfully - sym options: 0x614 - pdb path: .;C:\Program Files\Java\jdk-17.0.3.1\bin;C:\Windows\SYSTEM32;C:\Windows\WinSxS\amd64_microsoft.windows.common-controls_6595b64144ccf1df_6.0.19041.1110_none_60b5254171f9507e;C:\Program Files\Java\jdk-17.0.3.1\bin\server;C:\Program Files\JetBrains\IntelliJ IDEA 2022.1.1\bin

VM Arguments:
jvm_args: -XX:TieredStopAtLevel=1 -Xverify:none -Dspring.output.ansi.enabled=always -Dcom.sun.management.jmxremote -Dspring.jmx.enabled=true -Dspring.liveBeansView.mbeanDomain -Dspring.application.admin.enabled=true -javaagent:C:\Program Files\JetBrains\IntelliJ IDEA 2022.1.1\lib\idea_rt.jar=56661:C:\Program Files\JetBrains\IntelliJ IDEA 2022.1.1\bin -Dfile.encoding=UTF-8 
java_command: com.api.carapi.CarapiApplication
java_class_path (initial): C:\Users\felipe\Desktop\Projetos\JAVA\Car_API\carapi\target\classes;C:\Users\felipe\.m2\repository\org\springframework\boot\spring-boot-starter-web\2.5.5\spring-boot-starter-web-2.5.5.jar;C:\Users\felipe\.m2\repository\org\springframework\boot\spring-boot-starter-json\2.5.5\spring-boot-starter-json-2.5.5.jar;C:\Users\felipe\.m2\repository\com\fasterxml\jackson\core\jackson-databind\2.12.5\jackson-databind-2.12.5.jar;C:\Users\felipe\.m2\repository\com\fasterxml\jackson\core\jackson-core\2.12.5\jackson-core-2.12.5.jar;C:\Users\felipe\.m2\repository\com\fasterxml\jackson\datatype\jackson-datatype-jdk8\2.12.5\jackson-datatype-jdk8-2.12.5.jar;C:\Users\felipe\.m2\repository\com\fasterxml\jackson\datatype\jackson-datatype-jsr310\2.12.5\jackson-datatype-jsr310-2.12.5.jar;C:\Users\felipe\.m2\repository\com\fasterxml\jackson\module\jackson-module-parameter-names\2.12.5\jackson-module-parameter-names-2.12.5.jar;C:\Users\felipe\.m2\repository\org\springframework\boot\spring-boot-starter-tomcat\2.5.5\spring-boot-starter-tomcat-2.5.5.jar;C:\Users\felipe\.m2\repository\org\apache\tomcat\embed\tomcat-embed-core\9.0.53\tomcat-embed-core-9.0.53.jar;C:\Users\felipe\.m2\repository\org\apache\tomcat\embed\tomcat-embed-websocket\9.0.53\tomcat-embed-websocket-9.0.53.jar;C:\Users\felipe\.m2\repository\org\springframework\spring-web\5.3.10\spring-web-5.3.10.jar;C:\Users\felipe\.m2\repository\org\springframework\spring-beans\5.3.10\spring-beans-5.3.10.jar;C:\Users\felipe\.m2\repository\org\springframework\spring-webmvc\5.3.10\spring-webmvc-5.3.10.jar;C:\Users\felipe\.m2\repository\org\springframework\spring-aop\5.3.10\spring-aop-5.3.10.jar;C:\Users\felipe\.m2\repository\org\springframework\spring-context\5.3.10\spring-context-5.3.10.jar;C:\Users\felipe\.m2\repository\org\springframework\spring-expression\5.3.10\spring-expression-5.3.10.jar;C:\Users\felipe\.m2\repository\org\modelmapper\modelmapper\2.4.4\modelmapper-2.4.4.jar;C:\Users\felipe\.m2\repository\org\pro
Launcher Type: SUN_STANDARD

[Global flags]
     intx CICompilerCount                          = 3                                         {product} {ergonomic}
     uint ConcGCThreads                            = 1                                         {product} {ergonomic}
     uint G1ConcRefinementThreads                  = 4                                         {product} {ergonomic}
   size_t G1HeapRegionSize                         = 1048576                                   {product} {ergonomic}
    uintx GCDrainStackTargetSize                   = 64                                        {product} {ergonomic}
   size_t InitialHeapSize                          = 134217728                                 {product} {ergonomic}
     bool ManagementServer                         = true                                      {product} {command line}
   size_t MarkStackSize                            = 4194304                                   {product} {ergonomic}
   size_t MaxHeapSize                              = 2132803584                                {product} {ergonomic}
   size_t MaxNewSize                               = 1279262720                                {product} {ergonomic}
   size_t MinHeapDeltaBytes                        = 1048576                                   {product} {ergonomic}
   size_t MinHeapSize                              = 8388608                                   {product} {ergonomic}
    uintx NonProfiledCodeHeapSize                  = 0                                      {pd product} {ergonomic}
     bool ProfileInterpreter                       = false                                  {pd product} {command line}
    uintx ProfiledCodeHeapSize                     = 0                                      {pd product} {ergonomic}
   size_t SoftMaxHeapSize                          = 2132803584                             {manageable} {ergonomic}
     intx TieredStopAtLevel                        = 1                                         {product} {command line}
     bool UseCompressedClassPointers               = true                           {product lp64_product} {ergonomic}
     bool UseCompressedOops                        = true                           {product lp64_product} {ergonomic}
     bool UseG1GC                                  = true                                      {product} {ergonomic}
     bool UseLargePagesIndividualAllocation        = false                                  {pd product} {ergonomic}

Logging:
Log output configuration:
 #0: stdout all=warning uptime,level,tags
 #1: stderr all=off uptime,level,tags

Environment Variables:
JAVA_HOME=C:\Program Files\Java\jdk-11.0.14
PATH=C:\Program Files\Python\Scripts\;C:\Program Files\Python\;C:\Program Files\Common Files\Oracle\Java\javapath;C:\Program Files (x86)\Common Files\Oracle\Java\javapath;C:\Windows\system32;C:\Windows;C:\Windows\System32\Wbem;C:\Windows\System32\WindowsPowerShell\v1.0\;C:\Windows\System32\OpenSSH\;C:\Program Files\nodejs\;C:\ProgramData\chocolatey\bin;C:\Program Files\Java\jdk-11.0.14\bin;C:\Program Files\Git\cmd;C:\Program Files\Amazon\AWSCLIV2\;C:\Program Files\Microsoft VS Code\bin;C:\Program Files\MongoDB\Server\5.0\bin;C:\apache-maven-3.8.6\bin;;C:\Program Files\Docker\Docker\resources\bin;C:\ProgramData\DockerDesktop\version-bin;C:\Program Files\Go\bin;C:\Users\felipe\AppData\Local\Microsoft\WindowsApps;C:\Users\felipe\AppData\Roaming\npm;C:\Program Files\JetBrains\IntelliJ IDEA Community Edition 2022.1\bin;;C:\Program Files\heroku\bin;C:\Users\felipe\go\bin;C:\ProgramData\chocolatey\lib\mingw\tools\install\mingw64\bin;
USERNAME=felipe
OS=Windows_NT
PROCESSOR_IDENTIFIER=Intel64 Family 6 Model 94 Stepping 3, GenuineIntel



---------------  S Y S T E M  ---------------

OS:
 Windows 10 , 64 bit Build 19041 (10.0.19041.1889)
OS uptime: 0 days 2:31 hours
Hyper-V role detected

CPU: total 4 (initial active 4) (4 cores per cpu, 1 threads per core) family 6 model 94 stepping 3 microcode 0xcc, cx8, cmov, fxsr, mmx, 3dnowpref, sse, sse2, sse3, ssse3, sse4.1, sse4.2, popcnt, lzcnt, tsc, tscinvbit, avx, avx2, aes, erms, clmul, bmi1, bmi2, rtm, adx, fma, vzeroupper, clflush, clflushopt, hv

Memory: 4k page, system-wide physical 8135M (1151M free)
TotalPageFile size 10183M (AvailPageFile size 424M)
current process WorkingSet (physical memory assigned to process): 82M, peak: 82M
current process commit charge ("private bytes"): 221M, peak: 221M

vm_info: Java HotSpot(TM) 64-Bit Server VM (17.0.3.1+2-LTS-6) for windows-amd64 JRE (17.0.3.1+2-LTS-6), built on Apr 25 2022 22:04:21 by "mach5one" with MS VC++ 16.8 / 16.9 (VS2019)

END.
